<?xml version="1.0" encoding="UTF-8"?>
<testng-results ignored="0" total="5" passed="5" failed="0" skipped="0">
  <reporter-output>
  </reporter-output>
  <suite started-at="2022-04-05T01:44:51 IST" name="Default suite" finished-at="2022-04-05T01:44:56 IST" duration-ms="4514">
    <groups>
      <group name="facebook">
        <method signature="Facebook_Login.username(java.lang.String)[pri:0, instance:com.testng.Facebook_Login@73ee04c8]" name="username" class="com.testng.Facebook_Login"/>
        <method signature="Facebook_Login.password(java.lang.String)[pri:1, instance:com.testng.Facebook_Login@73ee04c8]" name="password" class="com.testng.Facebook_Login"/>
      </group> <!-- facebook -->
    </groups>
    <test started-at="2022-04-05T01:44:51 IST" name="Default test" finished-at="2022-04-05T01:44:56 IST" duration-ms="4514">
      <class name="com.testng.Facebook_Login">
        <test-method signature="arith()[pri:0, instance:com.testng.Facebook_Login@73ee04c8]" started-at="2022-04-05T01:44:51 IST" name="arith" finished-at="2022-04-05T01:44:51 IST" duration-ms="6" status="PASS">
          <exception class="java.lang.ArithmeticException">
            <message>
              <![CDATA[/ by zero]]>
            </message>
            <full-stacktrace>
              <![CDATA[java.lang.ArithmeticException: / by zero
at com.testng.Facebook_Login.arith(Facebook_Login.java:53)
at java.base/jdk.internal.reflect.NativeMethodAccessorImpl.invoke0(Native Method)
at java.base/jdk.internal.reflect.NativeMethodAccessorImpl.invoke(NativeMethodAccessorImpl.java:64)
at java.base/jdk.internal.reflect.DelegatingMethodAccessorImpl.invoke(DelegatingMethodAccessorImpl.java:43)
at java.base/java.lang.reflect.Method.invoke(Method.java:564)
at org.testng.internal.MethodInvocationHelper.invokeMethod(MethodInvocationHelper.java:133)
at org.testng.internal.TestInvoker.invokeMethod(TestInvoker.java:584)
at org.testng.internal.TestInvoker.invokeTestMethod(TestInvoker.java:172)
at org.testng.internal.MethodRunner.runInSequence(MethodRunner.java:46)
at org.testng.internal.TestInvoker$MethodInvocationAgent.invoke(TestInvoker.java:804)
at org.testng.internal.TestInvoker.invokeTestMethods(TestInvoker.java:145)
at org.testng.internal.TestMethodWorker.invokeTestMethods(TestMethodWorker.java:146)
at org.testng.internal.TestMethodWorker.run(TestMethodWorker.java:128)
at java.base/java.util.ArrayList.forEach(ArrayList.java:1511)
at org.testng.TestRunner.privateRun(TestRunner.java:770)
at org.testng.TestRunner.run(TestRunner.java:591)
at org.testng.SuiteRunner.runTest(SuiteRunner.java:402)
at org.testng.SuiteRunner.runSequentially(SuiteRunner.java:396)
at org.testng.SuiteRunner.privateRun(SuiteRunner.java:355)
at org.testng.SuiteRunner.run(SuiteRunner.java:304)
at org.testng.SuiteRunnerWorker.runSuite(SuiteRunnerWorker.java:53)
at org.testng.SuiteRunnerWorker.run(SuiteRunnerWorker.java:96)
at org.testng.TestNG.runSuitesSequentially(TestNG.java:1180)
at org.testng.TestNG.runSuitesLocally(TestNG.java:1102)
at org.testng.TestNG.runSuites(TestNG.java:1032)
at org.testng.TestNG.run(TestNG.java:1000)
at org.testng.remote.AbstractRemoteTestNG.run(AbstractRemoteTestNG.java:115)
at org.testng.remote.RemoteTestNG.initAndRun(RemoteTestNG.java:251)
at org.testng.remote.RemoteTestNG.main(RemoteTestNG.java:77)
]]>
            </full-stacktrace>
          </exception> <!-- java.lang.ArithmeticException -->
          <reporter-output>
          </reporter-output>
        </test-method> <!-- arith -->
        <test-method signature="launch()[pri:0, instance:com.testng.Facebook_Login@73ee04c8]" started-at="2022-04-05T01:44:51 IST" name="launch" finished-at="2022-04-05T01:44:53 IST" duration-ms="2335" status="PASS">
          <reporter-output>
          </reporter-output>
        </test-method> <!-- launch -->
        <test-method signature="username(java.lang.String)[pri:0, instance:com.testng.Facebook_Login@73ee04c8]" started-at="2022-04-05T01:44:53 IST" name="username" data-provider="data" finished-at="2022-04-05T01:44:54 IST" duration-ms="1042" status="PASS">
          <params>
            <param index="0">
              <value>
                <![CDATA[Magesh]]>
              </value>
            </param>
          </params>
          <reporter-output>
          </reporter-output>
        </test-method> <!-- username -->
        <test-method signature="password(java.lang.String)[pri:1, instance:com.testng.Facebook_Login@73ee04c8]" started-at="2022-04-05T01:44:54 IST" name="password" data-provider="data2" finished-at="2022-04-05T01:44:56 IST" depends-on-methods="com.testng.Facebook_Login.username" duration-ms="1052" status="PASS">
          <params>
            <param index="0">
              <value>
                <![CDATA[#@CHkj]]>
              </value>
            </param>
          </params>
          <reporter-output>
          </reporter-output>
        </test-method> <!-- password -->
        <test-method signature="login()[pri:2, instance:com.testng.Facebook_Login@73ee04c8]" started-at="2022-04-05T01:44:56 IST" name="login" finished-at="2022-04-05T01:44:56 IST" duration-ms="37" status="PASS">
          <reporter-output>
          </reporter-output>
        </test-method> <!-- login -->
      </class> <!-- com.testng.Facebook_Login -->
    </test> <!-- Default test -->
  </suite> <!-- Default suite -->
</testng-results>
