<?xml version="1.0" encoding="UTF-8"?>
<!-- Generated by org.testng.reporters.JUnitXMLReporter -->
<testsuite ignored="0" hostname="DESKTOP-B08FA96" failures="1" tests="4" name="facebook" time="2.284" errors="0" timestamp="2022-04-04T13:36:56 IST">
  <testcase classname="com.testng.Facebook_Login" name="username" time="0.009">
    <failure type="java.lang.NullPointerException" message="Cannot invoke &amp;quot;org.openqa.selenium.WebDriver.findElement(org.openqa.selenium.By)&amp;quot; because &amp;quot;this.driver&amp;quot; is null">
      <![CDATA[java.lang.NullPointerException: Cannot invoke "org.openqa.selenium.WebDriver.findElement(org.openqa.selenium.By)" because "this.driver" is null
at com.testng.Facebook_Login.username(Facebook_Login.java:34)
at java.base/java.util.concurrent.ThreadPoolExecutor.runWorker(ThreadPoolExecutor.java:1130)
at java.base/java.util.concurrent.ThreadPoolExecutor$Worker.run(ThreadPoolExecutor.java:630)
at java.base/java.lang.Thread.run(Thread.java:832)
... Removed 12 stack frames]]>
    </failure>
  </testcase> <!-- username -->
  <testcase classname="com.testng.Facebook_Login" name="password" time="0.0">
    <skipped/>
  </testcase> <!-- password -->
  <testcase classname="com.testng.Facebook_Login" name="login" time="0.0">
    <skipped/>
  </testcase> <!-- login -->
  <testcase classname="com.testng.Facebook_Login" name="launch" time="2.26"/>
</testsuite> <!-- facebook -->
