<?xml version="1.0" encoding="UTF-8"?>
<!-- Generated by org.testng.reporters.JUnitXMLReporter -->
<testsuite ignored="0" hostname="DESKTOP-B08FA96" failures="1" tests="5" name="test" time="2.33" errors="0" timestamp="2022-04-04T14:47:37 IST">
  <testcase classname="com.testng.Facebook_Login" name="arith" time="0.006"/>
  <testcase classname="com.testng.Facebook_Login" name="launch" time="2.249"/>
  <testcase classname="com.testng.Facebook_Login" name="username" time="0.004">
    <failure type="org.testng.internal.reflect.MethodMatcherException" message="
[public void com.testng.Facebook_Login.username(java.lang.String) throws java.lang.InterruptedException] has no parameters defined but was found to be using a data provider (either explicitly specified or inherited from class level annotation).
Data provider mismatch
Method: username([Parameter{index=0, type=java.lang.String, declaredAnnotations=[]}])
Arguments: [(java.lang.String) Magesh,(java.lang.String) Thiyagu]">
      <![CDATA[org.testng.internal.reflect.MethodMatcherException: 
[public void com.testng.Facebook_Login.username(java.lang.String) throws java.lang.InterruptedException] has no parameters defined but was found to be using a data provider (either explicitly specified or inherited from class level annotation).
Data provider mismatch
Method: username([Parameter{index=0, type=java.lang.String, declaredAnnotations=[]}])
Arguments: [(java.lang.String) Magesh,(java.lang.String) Thiyagu]
at java.base/java.util.ArrayList.forEach(ArrayList.java:1511)
... Removed 22 stack frames]]>
    </failure>
  </testcase> <!-- username -->
  <testcase classname="com.testng.Facebook_Login" name="password" time="0.0">
    <skipped/>
  </testcase> <!-- password -->
  <testcase classname="com.testng.Facebook_Login" name="login" time="0.041"/>
</testsuite> <!-- test -->
