<?xml version="1.0" encoding="UTF-8"?>
<!-- Generated by org.testng.reporters.JUnitXMLReporter -->
<testsuite ignored="0" hostname="DESKTOP-B08FA96" failures="0" tests="5" name="Default test" time="4.514" errors="0" timestamp="2022-04-05T01:44:56 IST">
  <testcase classname="com.testng.Facebook_Login" name="arith" time="0.006"/>
  <testcase classname="com.testng.Facebook_Login" name="launch" time="2.335"/>
  <testcase classname="com.testng.Facebook_Login" name="username" time="1.042"/>
  <testcase classname="com.testng.Facebook_Login" name="password" time="1.052"/>
  <testcase classname="com.testng.Facebook_Login" name="login" time="0.037"/>
</testsuite> <!-- Default test -->
